# JRE version: OpenJDK Runtime Environment Temurin-21.0.6+7 (21.0.6+7) (build 21.0.6+7-LTS)
# Java VM: OpenJDK 64-Bit Server VM Temurin-21.0.6+7 (21.0.6+7-LTS, mixed mode, emulated-client, sharing, tiered, compressed oops, compressed class ptrs, g1 gc, windows-amd64)
GC Precious Log:
 CardTable entry size: 512
 Card Set container configuration: InlinePtr #cards 4 size 8 Array Of Cards #cards 16 size 48 Howl #buckets 8 coarsen threshold 3686 Howl Bitmap #cards 512 size 80 coarsen threshold 460 Card regions per heap region 1 cards per card region 4096
 CPUs: 16 total, 16 available
 Memory: 15997M
 Large Page Support: Disabled
 NUMA Support: Disabled
 Compressed Oops: Enabled (Zero based)
 Heap Region Size: 2M
 Heap Min Capacity: 8M
 Heap Initial Capacity: 250M
 Heap Max Capacity: 4000M
 Pre-touch: Disabled
 Parallel Workers: 13
 Concurrent Workers: 3
 Concurrent Refinement Workers: 13
 Periodic GC: Disabled
Heap:
 garbage-first heap   total 96256K, used 83607K [0x0000000706000000, 0x0000000800000000)
  region size 2048K, 30 young (61440K), 2 survivors (4096K)
 Metaspace       used 59945K, committed 60544K, reserved 1114112K
  class space    used 8178K, committed 8448K, reserved 1048576K
GC Heap History (20 events):
Event: 1.597 GC heap after
{Heap after GC invocations=10 (full 0):
 garbage-first heap   total 61440K, used 15637K [0x0000000706000000, 0x0000000800000000)
  region size 2048K, 3 young (6144K), 3 survivors (6144K)
 Metaspace       used 24661K, committed 25088K, reserved 1114112K
  class space    used 3090K, committed 3264K, reserved 1048576K
}
Event: 1.884 GC heap before
{Heap before GC invocations=10 (full 0):
 garbage-first heap   total 61440K, used 46357K [0x0000000706000000, 0x0000000800000000)
  region size 2048K, 18 young (36864K), 3 survivors (6144K)
 Metaspace       used 25950K, committed 26368K, reserved 1114112K
  class space    used 3276K, committed 3456K, reserved 1048576K
}
Event: 1.888 GC heap after
{Heap after GC invocations=11 (full 0):
 garbage-first heap   total 61440K, used 17475K [0x0000000706000000, 0x0000000800000000)
  region size 2048K, 3 young (6144K), 3 survivors (6144K)
 Metaspace       used 25950K, committed 26368K, reserved 1114112K
  class space    used 3276K, committed 3456K, reserved 1048576K
}
Event: 2.118 GC heap before
{Heap before GC invocations=11 (full 0):
 garbage-first heap   total 61440K, used 46147K [0x0000000706000000, 0x0000000800000000)
  region size 2048K, 18 young (36864K), 3 survivors (6144K)
 Metaspace       used 27937K, committed 28352K, reserved 1114112K
  class space    used 3542K, committed 3712K, reserved 1048576K
}
Event: 2.121 GC heap after
{Heap after GC invocations=12 (full 0):
 garbage-first heap   total 159744K, used 18212K [0x0000000706000000, 0x0000000800000000)
  region size 2048K, 2 young (4096K), 2 survivors (4096K)
 Metaspace       used 27937K, committed 28352K, reserved 1114112K
  class space    used 3542K, committed 3712K, reserved 1048576K
}
Event: 2.840 GC heap before
{Heap before GC invocations=12 (full 0):
 garbage-first heap   total 159744K, used 108324K [0x0000000706000000, 0x0000000800000000)
  region size 2048K, 46 young (94208K), 2 survivors (4096K)
 Metaspace       used 34922K, committed 35456K, reserved 1114112K
  class space    used 4547K, committed 4800K, reserved 1048576K
}
Event: 2.848 GC heap after
{Heap after GC invocations=13 (full 0):
 garbage-first heap   total 159744K, used 22164K [0x0000000706000000, 0x0000000800000000)
  region size 2048K, 4 young (8192K), 4 survivors (8192K)
 Metaspace       used 34922K, committed 35456K, reserved 1114112K
  class space    used 4547K, committed 4800K, reserved 1048576K
}
Event: 2.874 GC heap before
{Heap before GC invocations=13 (full 0):
 garbage-first heap   total 159744K, used 28308K [0x0000000706000000, 0x0000000800000000)
  region size 2048K, 8 young (16384K), 4 survivors (8192K)
 Metaspace       used 35576K, committed 36096K, reserved 1114112K
  class space    used 4619K, committed 4864K, reserved 1048576K
}
Event: 2.879 GC heap after
{Heap after GC invocations=14 (full 0):
 garbage-first heap   total 159744K, used 22154K [0x0000000706000000, 0x0000000800000000)
  region size 2048K, 3 young (6144K), 3 survivors (6144K)
 Metaspace       used 35576K, committed 36096K, reserved 1114112K
  class space    used 4619K, committed 4864K, reserved 1048576K
}
Event: 3.127 GC heap before
{Heap before GC invocations=15 (full 0):
 garbage-first heap   total 81920K, used 79498K [0x0000000706000000, 0x0000000800000000)
  region size 2048K, 31 young (63488K), 3 survivors (6144K)
 Metaspace       used 41142K, committed 41664K, reserved 1114112K
  class space    used 5280K, committed 5504K, reserved 1048576K
}
Event: 3.132 GC heap after
{Heap after GC invocations=16 (full 0):
 garbage-first heap   total 90112K, used 23873K [0x0000000706000000, 0x0000000800000000)
  region size 2048K, 4 young (8192K), 4 survivors (8192K)
 Metaspace       used 41142K, committed 41664K, reserved 1114112K
  class space    used 5280K, committed 5504K, reserved 1048576K
}
Event: 3.334 GC heap before
{Heap before GC invocations=16 (full 0):
 garbage-first heap   total 90112K, used 68929K [0x0000000706000000, 0x0000000800000000)
  region size 2048K, 26 young (53248K), 4 survivors (8192K)
 Metaspace       used 44946K, committed 45504K, reserved 1114112K
  class space    used 5934K, committed 6208K, reserved 1048576K
}
Event: 3.339 GC heap after
{Heap after GC invocations=17 (full 0):
 garbage-first heap   total 108544K, used 24346K [0x0000000706000000, 0x0000000800000000)
  region size 2048K, 2 young (4096K), 2 survivors (4096K)
 Metaspace       used 44946K, committed 45504K, reserved 1114112K
  class space    used 5934K, committed 6208K, reserved 1048576K
}
Event: 3.627 GC heap before
{Heap before GC invocations=17 (full 0):
 garbage-first heap   total 108544K, used 83738K [0x0000000706000000, 0x0000000800000000)
  region size 2048K, 31 young (63488K), 2 survivors (4096K)
 Metaspace       used 50322K, committed 50880K, reserved 1114112K
  class space    used 6667K, committed 6912K, reserved 1048576K
}
Event: 3.632 GC heap after
{Heap after GC invocations=18 (full 0):
 garbage-first heap   total 108544K, used 25141K [0x0000000706000000, 0x0000000800000000)
  region size 2048K, 2 young (4096K), 2 survivors (4096K)
 Metaspace       used 50322K, committed 50880K, reserved 1114112K
  class space    used 6667K, committed 6912K, reserved 1048576K
}
Event: 3.935 GC heap before
{Heap before GC invocations=18 (full 0):
 garbage-first heap   total 108544K, used 84533K [0x0000000706000000, 0x0000000800000000)
  region size 2048K, 31 young (63488K), 2 survivors (4096K)
 Metaspace       used 56753K, committed 57344K, reserved 1114112K
  class space    used 7696K, committed 7936K, reserved 1048576K
}
Event: 3.940 GC heap after
{Heap after GC invocations=19 (full 0):
 garbage-first heap   total 108544K, used 25868K [0x0000000706000000, 0x0000000800000000)
  region size 2048K, 2 young (4096K), 2 survivors (4096K)
 Metaspace       used 56753K, committed 57344K, reserved 1114112K
  class space    used 7696K, committed 7936K, reserved 1048576K
}
Event: 4.093 GC heap before
{Heap before GC invocations=19 (full 0):
 garbage-first heap   total 108544K, used 54540K [0x0000000706000000, 0x0000000800000000)
  region size 2048K, 17 young (34816K), 2 survivors (4096K)
 Metaspace       used 59786K, committed 60416K, reserved 1114112K
  class space    used 8149K, committed 8448K, reserved 1048576K
}
Event: 4.097 GC heap after
{Heap after GC invocations=20 (full 0):
 garbage-first heap   total 108544K, used 26263K [0x0000000706000000, 0x0000000800000000)
  region size 2048K, 3 young (6144K), 3 survivors (6144K)
 Metaspace       used 59786K, committed 60416K, reserved 1114112K
  class space    used 8149K, committed 8448K, reserved 1048576K
}
Event: 1838.578 GC heap before
{Heap before GC invocations=21 (full 0):
 garbage-first heap   total 96256K, used 83607K [0x0000000706000000, 0x0000000800000000)
  region size 2048K, 31 young (63488K), 3 survivors (6144K)
 Metaspace       used 59945K, committed 60544K, reserved 1114112K
  class space    used 8178K, committed 8448K, reserved 1048576K
}

